<?xml version="1.0" encoding="UTF-8"?>
<!-- Generated by org.testng.reporters.JUnitReportReporter -->
<testsuite skipped="0" hostname="Mds-MacBook-Pro.local" name="com.academy.pom.HomePage" tests="2" failures="0" timestamp="14 Mar 2020 12:40:36 GMT" time="22.122" errors="0">
  <testcase name="validateAppNav" time="17.042" classname="com.academy.pom.HomePage"/>
  <testcase name="validateAppNav" time="5.080" classname="com.academy.pom.HomePage"/>
</testsuite> <!-- com.academy.pom.HomePage -->
