<?xml version="1.0" encoding="UTF-8"?>
<!-- Generated by org.testng.reporters.JUnitReportReporter -->
<testsuite skipped="0" hostname="Mds-MacBook-Pro.local" name="com.academy.pom.validateTitle" tests="1" failures="0" timestamp="14 Mar 2020 12:40:36 GMT" time="0.091" errors="0">
  <testcase name="ValidateAppTitle" time="0.091" classname="com.academy.pom.validateTitle"/>
</testsuite> <!-- com.academy.pom.validateTitle -->
