<?xml version="1.0" encoding="UTF-8"?>
<!-- Generated by org.testng.reporters.JUnitReportReporter -->
<testsuite hostname="Mds-MacBook-Pro.local" failures="0" tests="1" name="com.academy.pom.validateTitle" time="0.084" errors="0" timestamp="2020-03-14T12:46:41 EDT" skipped="0">
  <testcase classname="com.academy.pom.validateTitle" name="ValidateAppTitle" time="0.084"/>
  <system-out/>
</testsuite> <!-- com.academy.pom.validateTitle -->
