<?xml version="1.0" encoding="UTF-8"?>
<!-- Generated by org.testng.reporters.JUnitReportReporter -->
<testsuite hostname="Mds-MacBook-Pro.local" failures="0" tests="2" name="com.academy.pom.HomePage" time="17.914" errors="0" timestamp="2020-03-14T12:46:41 EDT" skipped="0">
  <testcase classname="com.academy.pom.HomePage" name="validateAppNav" time="5.518"/>
  <system-out/>
  <testcase classname="com.academy.pom.HomePage" name="validateAppNav" time="12.396"/>
  <system-out/>
</testsuite> <!-- com.academy.pom.HomePage -->
